[2025-04-28 10:05:12] Request Length: 300 | Threats: XSS Attack | Threat Level: High
[2025-04-28 10:07:45] Request Length: 150 | Threats: None Detected | Threat Level: Low
[2025-04-28 10:10:30] Request Length: 400 | Threats: SQL Injection | Threat Level: High
[2025-04-28 10:12:15] Request Length: 200 | Threats: XSS Attack | Threat Level: Medium
[2025-04-28 10:14:50] Request Length: 500 | Threats: DDoS Attack | Threat Level: Severe
[2025-04-28 10:16:05] Request Length: 250 | Threats: Phishing | Threat Level: High
[2025-04-28 10:18:40] Request Length: 600 | Threats: Man-in-the-Middle Attack | Threat Level: Severe
[2025-04-28 10:21:22] Request Length: 700 | Threats: Zero-Day Exploit | Threat Level: Critical
[2025-04-28 10:23:10] Request Length: 350 | Threats: SQL Injection, XSS Attack | Threat Level: Critical
[2025-04-28 10:26:00] Request Length: 450 | Threats: DDoS Attack, Phishing | Threat Level: Severe
[2025-04-28 10:28:35] Request Length: 550 | Threats: XSS Attack, Man-in-the-Middle Attack | Threat Level: Severe/
[2025-04-28 10:31:15] Request Length: 650 | Threats: SQL Injection, Zero-Day Exploit | Threat Level: Critical
[2025-04-28 10:05:12] Request Length: 300 | Threats: XSS Attack | Threat Level: High
[2025-04-28 10:07:45] Request Length: 150 | Threats: None Detected | Threat Level: Low
[2025-04-28 10:10:30] Request Length: 400 | Threats: SQL Injection | Threat Level: High
[2025-04-28 10:12:15] Request Length: 200 | Threats: XSS Attack | Threat Level: Medium
[2025-04-28 10:14:50] Request Length: 500 | Threats: DDoS Attack | Threat Level: Severe
[2025-04-28 10:16:05] Request Length: 250 | Threats: Phishing | Threat Level: High
[2025-04-28 10:18:40] Request Length: 600 | Threats: Man-in-the-Middle Attack | Threat Level: Severe
[2025-04-28 10:21:22] Request Length: 700 | Threats: Zero-Day Exploit | Threat Level: Critical
[2025-04-28 10:23:10] Request Length: 350 | Threats: SQL Injection, XSS Attack | Threat Level: Critical
[2025-04-28 10:26:00] Request Length: 450 | Threats: DDoS Attack, Phishing | Threat Level: Severe
[2025-04-28 10:28:35] Request Length: 550 | Threats: XSS Attack, Man-in-the-Middle Attack | Threat Level: Severe
[2025-04-28 10:31:15] Request Length: 650 | Threats: SQL Injection, Zero-Day Exploit | Threat Level: Critical
[2025-04-28 10:05:12] Request Length: 300 | Threats: XSS Attack | Threat Level: High
[2025-04-28 10:07:45] Request Length: 150 | Threats: None Detected | Threat Level: Low
[2025-04-28 10:10:30] Request Length: 400 | Threats: SQL Injection | Threat Level: High
[2025-04-28 10:12:15] Request Length: 200 | Threats: XSS Attack | Threat Level: Medium
[2025-04-28 10:14:50] Request Length: 500 | Threats: DDoS Attack | Threat Level: Severe
[2025-04-28 10:16:05] Request Length: 250 | Threats: Phishing | Threat Level: High
[2025-04-28 10:18:40] Request Length: 600 | Threats: Man-in-the-Middle Attack | Threat Level: Severe
[2025-04-28 10:21:22] Request Length: 700 | Threats: Zero-Day Exploit | Threat Level: Critical
[2025-04-28 10:23:10] Request Length: 350 | Threats: SQL Injection, XSS Attack | Threat Level: Critical
[2025-04-28 10:26:00] Request Length: 450 | Threats: DDoS Attack, Phishing | Threat Level: Severe
[2025-04-28 10:28:35] Request Length: 550 | Threats: XSS Attack, Man-in-the-Middle Attack | Threat Level: Severe
[2025-04-28 10:31:15] Request Length: 650 | Threats: SQL Injection, Zero-Day Exploit | Threat Level: Critical
[2025-04-28 10:05:12] Request Length: 300 | Threats: XSS Attack | Threat Level: High
[2025-04-28 10:07:45] Request Length: 150 | Threats: None Detected | Threat Level: Low
[2025-04-28 10:10:30] Request Length: 400 | Threats: SQL Injection | Threat Level: High
[2025-04-28 10:12:15] Request Length: 200 | Threats: XSS Attack | Threat Level: Medium
[2025-04-28 10:14:50] Request Length: 500 | Threats: DDoS Attack | Threat Level: Severe
[2025-04-28 10:16:05] Request Length: 250 | Threats: Phishing | Threat Level: High
[2025-04-28 10:18:40] Request Length: 600 | Threats: Man-in-the-Middle Attack | Threat Level: Severe
[2025-04-28 10:21:22] Request Length: 700 | Threats: Zero-Day Exploit | Threat Level: Critical
[2025-04-28 10:23:10] Request Length: 350 | Threats: SQL Injection, XSS Attack | Threat Level: Critical
[2025-04-28 10:26:00] Request Length: 450 | Threats: DDoS Attack, Phishing | Threat Level: Severe
[2025-04-28 10:28:35] Request Length: 550 | Threats: XSS Attack, Man-in-the-Middle Attack | Threat Level: Severe
[2025-04-28 10:31:15] Request Length: 650 | Threats: SQL Injection, Zero-Day Exploit | Threat Level: Critical
[2025-04-28 10:05:12] Request Length: 300 | Threats: XSS Attack | Threat Level: High
[2025-04-28 10:07:45] Request Length: 150 | Threats: None Detected | Threat Level: Low
[2025-04-28 10:10:30] Request Length: 400 | Threats: SQL Injection | Threat Level: High
[2025-04-28 10:12:15] Request Length: 200 | Threats: XSS Attack | Threat Level: Medium
[2025-04-28 10:14:50] Request Length: 500 | Threats: DDoS Attack | Threat Level: Severe
[2025-04-28 10:16:05] Request Length: 250 | Threats: Phishing | Threat Level: High
[2025-04-28 10:18:40] Request Length: 600 | Threats: Man-in-the-Middle Attack | Threat Level: Severe
[2025-04-28 10:21:22] Request Length: 700 | Threats: Zero-Day Exploit | Threat Level: Critical
[2025-04-28 10:23:10] Request Length: 350 | Threats: SQL Injection, XSS Attack | Threat Level: Critical
[2025-04-28 10:26:00] Request Length: 450 | Threats: DDoS Attack, Phishing | Threat Level: Severe
[2025-04-28 10:28:35] Request Length: 550 | Threats: XSS Attack, Man-in-the-Middle Attack | Threat Level: Severe
[2025-04-28 10:31:15] Request Length: 650 | Threats: SQL Injection, Zero-Day Exploit | Threat Level: Critical
[2025-04-28 10:05:12] Request Length: 300 | Threats: XSS Attack | Threat Level: High
[2025-04-28 10:07:45] Request Length: 150 | Threats: None Detected | Threat Level: Low
[2025-04-28 10:10:30] Request Length: 400 | Threats: SQL Injection | Threat Level: High
[2025-04-28 10:12:15] Request Length: 200 | Threats: XSS Attack | Threat Level: Medium
[2025-04-28 10:14:50] Request Length: 500 | Threats: DDoS Attack | Threat Level: Severe
[2025-04-28 10:16:05] Request Length: 250 | Threats: Phishing | Threat Level: High
[2025-04-28 10:18:40] Request Length: 600 | Threats: Man-in-the-Middle Attack | Threat Level: Severe
[2025-04-28 10:21:22] Request Length: 700 | Threats: Zero-Day Exploit | Threat Level: Critical
[2025-04-28 10:23:10] Request Length: 350 | Threats: SQL Injection, XSS Attack | Threat Level: Critical
[2025-04-28 10:26:00] Request Length: 450 | Threats: DDoS Attack, Phishing | Threat Level: Severe
[2025-04-28 10:28:35] Request Length: 550 | Threats: XSS Attack, Man-in-the-Middle Attack | Threat Level: Severe
[2025-04-28 10:31:15] Request Length: 650 | Threats: SQL Injection, Zero-Day Exploit | Threat Level: Critical
[2025-04-28 10:05:12] Request Length: 300 | Threats: XSS Attack | Threat Level: High
[2025-04-28 10:07:45] Request Length: 150 | Threats: None Detected | Threat Level: Low
[2025-04-28 10:10:30] Request Length: 400 | Threats: SQL Injection | Threat Level: High
[2025-04-28 10:12:15] Request Length: 200 | Threats: XSS Attack | Threat Level: Medium
[2025-04-28 10:14:50] Request Length: 500 | Threats: DDoS Attack | Threat Level: Severe
[2025-04-28 10:16:05] Request Length: 250 | Threats: Phishing | Threat Level: High
[2025-04-28 10:18:40] Request Length: 600 | Threats: Man-in-the-Middle Attack | Threat Level: Severe
[2025-04-28 10:21:22] Request Length: 700 | Threats: Zero-Day Exploit | Threat Level: Critical
[2025-04-28 10:23:10] Request Length: 350 | Threats: SQL Injection, XSS Attack | Threat Level: Critical
[2025-04-28 10:26:00] Request Length: 450 | Threats: DDoS Attack, Phishing | Threat Level: Severe
[2025-04-28 10:28:35] Request Length: 550 | Threats: XSS Attack, Man-in-the-Middle Attack | Threat Level: Severe
[2025-04-28 10:31:15] Request Length: 650 | Threats: SQL Injection, Zero-Day Exploit | Threat Level: Critical
[2025-04-28 10:05:12] Request Length: 300 | Threats: XSS Attack | Threat Level: High
[2025-04-28 10:07:45] Request Length: 150 | Threats: None Detected | Threat Level: Low
[2025-04-28 10:10:30] Request Length: 400 | Threats: SQL Injection | Threat Level: High
[2025-04-28 10:12:15] Request Length: 200 | Threats: XSS Attack | Threat Level: Medium
[2025-04-28 10:14:50] Request Length: 500 | Threats: DDoS Attack | Threat Level: Severe
[2025-04-28 10:16:05] Request Length: 250 | Threats: Phishing | Threat Level: High
[2025-04-28 10:18:40] Request Length: 600 | Threats: Man-in-the-Middle Attack | Threat Level: Severe
[2025-04-28 10:21:22] Request Length: 700 | Threats: Zero-Day Exploit | Threat Level: Critical
[2025-04-28 10:23:10] Request Length: 350 | Threats: SQL Injection, XSS Attack | Threat Level: Critical
[2025-04-28 10:26:00] Request Length: 450 | Threats: DDoS Attack, Phishing | Threat Level: Severe
[2025-04-28 10:28:35] Request Length: 550 | Threats: XSS Attack, Man-in-the-Middle Attack | Threat Level: Severe
[2025-04-28 10:31:15] Request Length: 650 | Threats: SQL Injection, Zero-Day Exploit | Threat Level: Critical
[2025-04-28 10:05:12] Request Length: 300 | Threats: XSS Attack | Threat Level: High
[2025-04-28 10:07:45] Request Length: 150 | Threats: None Detected | Threat Level: Low
[2025-04-28 10:10:30] Request Length: 400 | Threats: SQL Injection | Threat Level: High
[2025-04-28 10:12:15] Request Length: 200 | Threats: XSS Attack | Threat Level: Medium
[2025-04-28 10:14:50] Request Length: 500 | Threats: DDoS Attack | Threat Level: Severe
[2025-04-28 10:16:05] Request Length: 250 | Threats: Phishing | Threat Level: High
[2025-04-28 10:18:40] Request Length: 600 | Threats: Man-in-the-Middle Attack | Threat Level: Severe
[2025-04-28 10:21:22] Request Length: 700 | Threats: Zero-Day Exploit | Threat Level: Critical
[2025-04-28 10:23:10] Request Length: 350 | Threats: SQL Injection, XSS Attack | Threat Level: Critical
[2025-04-28 10:26:00] Request Length: 450 | Threats: DDoS Attack, Phishing | Threat Level: Severe
[2025-04-28 10:28:35] Request Length: 550 | Threats: XSS Attack, Man-in-the-Middle Attack | Threat Level: Severe
[2025-04-28 10:31:15] Request Length: 650 | Threats: SQL Injection, Zero-Day Exploit | Threat Level: Critical
[2025-04-28 10:05:12] Request Length: 300 | Threats: XSS Attack | Threat Level: High
[2025-04-28 10:07:45] Request Length: 150 | Threats: None Detected | Threat Level: Low
[2025-04-28 10:10:30] Request Length: 400 | Threats: SQL Injection | Threat Level: High
[2025-04-28 10:12:15] Request Length: 200 | Threats: XSS Attack | Threat Level: Medium
[2025-04-28 10:14:50] Request Length: 500 | Threats: DDoS Attack | Threat Level: Severe
[2025-04-28 10:16:05] Request Length: 250 | Threats: Phishing | Threat Level: High
[2025-04-28 10:18:40] Request Length: 600 | Threats: Man-in-the-Middle Attack | Threat Level: Severe
[2025-04-28 10:21:22] Request Length: 700 | Threats: Zero-Day Exploit | Threat Level: Critical
[2025-04-28 10:23:10] Request Length: 350 | Threats: SQL Injection, XSS Attack | Threat Level: Critical
[2025-04-28 10:26:00] Request Length: 450 | Threats: DDoS Attack, Phishing | Threat Level: Severe
[2025-04-28 10:28:35] Request Length: 550 | Threats: XSS Attack, Man-in-the-Middle Attack | Threat Level: Severe
[2025-04-28 10:31:15] Request Length: 650 | Threats: SQL Injection, Zero-Day Exploit | Threat Level: Critical
